<?xml version="1.0" encoding="UTF-8"?>
<!-- Generated by org.testng.reporters.JUnitXMLReporter -->
<testsuite ignored="0" hostname="DESKTOP-8QRD8C9" failures="0" tests="1" name="Test" time="0.171" errors="0" timestamp="2025-01-01T22:00:34 IST">
  <testcase classname="TestScript.BaseClass" name="@BeforeMethod browserinitialization" time="-1.735749034111E9">
    <failure type="org.testng.TestNGException" message="
Method browserinitialization requires 1 parameters but 2 were supplied in the BeforeMethod annotation.">
      <![CDATA[org.testng.TestNGException: 
Method browserinitialization requires 1 parameters but 2 were supplied in the BeforeMethod annotation.
at java.base/java.util.ArrayList.forEach(ArrayList.java:1597)
... Removed 28 stack frames]]>
    </failure>
  </testcase> <!-- @BeforeMethod browserinitialization -->
  <testcase classname="TestScript.BaseClass" name="@AfterMethod afterMethod" time="0.0">
    <skipped/>
  </testcase> <!-- @AfterMethod afterMethod -->
  <testcase classname="TestScript.QALegendEventTest" name="addanEvent" time="0.0">
    <skipped/>
  </testcase> <!-- addanEvent -->
</testsuite> <!-- Test -->
